-------------------------------------------------------------------------------
Test set: hellocucumber.RunCucumberTest
-------------------------------------------------------------------------------
Tests run: 7, Failures: 0, Errors: 7, Skipped: 0, Time elapsed: 0.882 s <<< FAILURE! -- in hellocucumber.RunCucumberTest
An example.The example -- Time elapsed: 0.292 s <<< ERROR!
java.lang.NullPointerException: Cannot invoke "org.openqa.selenium.WebDriver.quit()" because "this.driver" is null
	at seleniumCucumber.StepDefinitions.closeBrowser(StepDefinitions.java:52)

An example.The example 2 -- Time elapsed: 0.022 s <<< ERROR!
java.lang.NullPointerException: Cannot invoke "org.openqa.selenium.WebDriver.quit()" because "this.driver" is null
	at seleniumCucumber.StepDefinitions.closeBrowser(StepDefinitions.java:52)

Is it Friday yet?.Sunday isn't Friday -- Time elapsed: 0.047 s <<< ERROR!
java.lang.NullPointerException: Cannot invoke "org.openqa.selenium.WebDriver.quit()" because "this.driver" is null
	at seleniumCucumber.StepDefinitions.closeBrowser(StepDefinitions.java:52)

Is it Friday yet?.Friday is Friday -- Time elapsed: 0.021 s <<< ERROR!
java.lang.NullPointerException: Cannot invoke "org.openqa.selenium.WebDriver.quit()" because "this.driver" is null
	at seleniumCucumber.StepDefinitions.closeBrowser(StepDefinitions.java:52)

Examples.Example #1.1 -- Time elapsed: 0.015 s <<< ERROR!
java.lang.NullPointerException: Cannot invoke "org.openqa.selenium.WebDriver.quit()" because "this.driver" is null
	at seleniumCucumber.StepDefinitions.closeBrowser(StepDefinitions.java:52)

Examples.Example #1.2 -- Time elapsed: 0.019 s <<< ERROR!
java.lang.NullPointerException: Cannot invoke "org.openqa.selenium.WebDriver.quit()" because "this.driver" is null
	at seleniumCucumber.StepDefinitions.closeBrowser(StepDefinitions.java:52)

Examples.Example #1.3 -- Time elapsed: 0.020 s <<< ERROR!
java.lang.NullPointerException: Cannot invoke "org.openqa.selenium.WebDriver.quit()" because "this.driver" is null
	at seleniumCucumber.StepDefinitions.closeBrowser(StepDefinitions.java:52)

