<?xml version="1.0" encoding="UTF-8"?>
<testsuite xmlns:xsi="http://www.w3.org/2001/XMLSchema-instance" xsi:noNamespaceSchemaLocation="https://maven.apache.org/surefire/maven-surefire-plugin/xsd/surefire-test-report-3.0.xsd" version="3.0" name="hellocucumber.RunCucumberTest" time="0.882" tests="7" errors="7" skipped="0" failures="0">
  <properties>
[...]
</properties>
  <testcase name="The example" classname="An example" time="0.292">
    <error message="Cannot invoke &quot;org.openqa.selenium.WebDriver.quit()&quot; because &quot;this.driver&quot; is null" type="java.lang.NullPointerException"><![CDATA[java.lang.NullPointerException: Cannot invoke "org.openqa.selenium.WebDriver.quit()" because "this.driver" is null
	at seleniumCucumber.StepDefinitions.closeBrowser(StepDefinitions.java:52)
]]></error>
    <system-out><![CDATA[
Scenario: The example                       &amp#27;[90m# hellocucumber/example.feature:3&amp#27;[0m
  &amp#27;[32mGiven &amp#27;[0m&amp#27;[32man example scenario&amp#27;[0m                 &amp#27;[90m# hellocucumber.StepDefinitions.anExampleScenario()&amp#27;[0m
  &amp#27;[32mWhen &amp#27;[0m&amp#27;[32mall step definitions are implemented&amp#27;[0m &amp#27;[90m# hellocucumber.StepDefinitions.allStepDefinitionsAreImplemented()&amp#27;[0m
  &amp#27;[32mThen &amp#27;[0m&amp#27;[32mthe scenario passes&amp#27;[0m                  &amp#27;[90m# hellocucumber.StepDefinitions.theScenarioPasses()&amp#27;[0m
      &amp#27;[31mjava.lang.NullPointerException: Cannot invoke "org.openqa.selenium.WebDriver.quit()" because "this.driver" is null
	at seleniumCucumber.StepDefinitions.closeBrowser(StepDefinitions.java:52)
&amp#27;[0m
]]></system-out>
  </testcase>
  <testcase name="The example 2" classname="An example" time="0.022">
    <error message="Cannot invoke &quot;org.openqa.selenium.WebDriver.quit()&quot; because &quot;this.driver&quot; is null" type="java.lang.NullPointerException"><![CDATA[java.lang.NullPointerException: Cannot invoke "org.openqa.selenium.WebDriver.quit()" because "this.driver" is null
	at seleniumCucumber.StepDefinitions.closeBrowser(StepDefinitions.java:52)
]]></error>
    <system-out><![CDATA[
Scenario: The example 2                     &amp#27;[90m# hellocucumber/example.feature:9&amp#27;[0m
  &amp#27;[32mGiven &amp#27;[0m&amp#27;[32man example scenario&amp#27;[0m                 &amp#27;[90m# hellocucumber.StepDefinitions.anExampleScenario()&amp#27;[0m
  &amp#27;[32mWhen &amp#27;[0m&amp#27;[32mall step definitions are implemented&amp#27;[0m &amp#27;[90m# hellocucumber.StepDefinitions.allStepDefinitionsAreImplemented()&amp#27;[0m
  &amp#27;[32mThen &amp#27;[0m&amp#27;[32mthe scenario passes&amp#27;[0m                  &amp#27;[90m# hellocucumber.StepDefinitions.theScenarioPasses()&amp#27;[0m
      &amp#27;[31mjava.lang.NullPointerException: Cannot invoke "org.openqa.selenium.WebDriver.quit()" because "this.driver" is null
	at seleniumCucumber.StepDefinitions.closeBrowser(StepDefinitions.java:52)
&amp#27;[0m
]]></system-out>
  </testcase>
  <testcase name="Sunday isn&apos;t Friday" classname="Is it Friday yet?" time="0.047">
    <error message="Cannot invoke &quot;org.openqa.selenium.WebDriver.quit()&quot; because &quot;this.driver&quot; is null" type="java.lang.NullPointerException"><![CDATA[java.lang.NullPointerException: Cannot invoke "org.openqa.selenium.WebDriver.quit()" because "this.driver" is null
	at seleniumCucumber.StepDefinitions.closeBrowser(StepDefinitions.java:52)
]]></error>
    <system-out><![CDATA[
Scenario: Sunday isn't Friday        &amp#27;[90m# hellocucumber/is_it_friday_yet.feature:4&amp#27;[0m
  &amp#27;[32mGiven &amp#27;[0m&amp#27;[32mtoday is Sunday&amp#27;[0m              &amp#27;[90m# hellocucumber.StepDefinitions.today_is_Sunday()&amp#27;[0m
  &amp#27;[32mWhen &amp#27;[0m&amp#27;[32mI ask whether it's Friday yet&amp#27;[0m &amp#27;[90m# hellocucumber.StepDefinitions.i_ask_whether_it_s_Friday_yet()&amp#27;[0m
  &amp#27;[32mThen &amp#27;[0m&amp#27;[32mI should be told &amp#27;[0m&amp#27;[32m&amp#27;[1m"Nope"&amp#27;[0m       &amp#27;[90m# hellocucumber.StepDefinitions.i_should_be_told(java.lang.String)&amp#27;[0m
      &amp#27;[31mjava.lang.NullPointerException: Cannot invoke "org.openqa.selenium.WebDriver.quit()" because "this.driver" is null
	at seleniumCucumber.StepDefinitions.closeBrowser(StepDefinitions.java:52)
&amp#27;[0m
]]></system-out>
  </testcase>
  <testcase name="Friday is Friday" classname="Is it Friday yet?" time="0.021">
    <error message="Cannot invoke &quot;org.openqa.selenium.WebDriver.quit()&quot; because &quot;this.driver&quot; is null" type="java.lang.NullPointerException"><![CDATA[java.lang.NullPointerException: Cannot invoke "org.openqa.selenium.WebDriver.quit()" because "this.driver" is null
	at seleniumCucumber.StepDefinitions.closeBrowser(StepDefinitions.java:52)
]]></error>
    <system-out><![CDATA[
Scenario: Friday is Friday           &amp#27;[90m# hellocucumber/is_it_friday_yet.feature:9&amp#27;[0m
  &amp#27;[32mGiven &amp#27;[0m&amp#27;[32mtoday is Friday&amp#27;[0m              &amp#27;[90m# hellocucumber.StepDefinitions.today_is_Friday()&amp#27;[0m
  &amp#27;[32mWhen &amp#27;[0m&amp#27;[32mI ask whether it's Friday yet&amp#27;[0m &amp#27;[90m# hellocucumber.StepDefinitions.i_ask_whether_it_s_Friday_yet()&amp#27;[0m
  &amp#27;[32mThen &amp#27;[0m&amp#27;[32mI should be told &amp#27;[0m&amp#27;[32m&amp#27;[1m"TGIF"&amp#27;[0m       &amp#27;[90m# hellocucumber.StepDefinitions.i_should_be_told(java.lang.String)&amp#27;[0m
      &amp#27;[31mjava.lang.NullPointerException: Cannot invoke "org.openqa.selenium.WebDriver.quit()" because "this.driver" is null
	at seleniumCucumber.StepDefinitions.closeBrowser(StepDefinitions.java:52)
&amp#27;[0m
]]></system-out>
  </testcase>
  <testcase name="Example #1.1" classname="Examples" time="0.015">
    <error message="Cannot invoke &quot;org.openqa.selenium.WebDriver.quit()&quot; because &quot;this.driver&quot; is null" type="java.lang.NullPointerException"><![CDATA[java.lang.NullPointerException: Cannot invoke "org.openqa.selenium.WebDriver.quit()" because "this.driver" is null
	at seleniumCucumber.StepDefinitions.closeBrowser(StepDefinitions.java:52)
]]></error>
    <system-out><![CDATA[
Scenario Outline: Today is or is not Friday &amp#27;[90m# hellocucumber/is_it_friday_yet_scenario_outline.feature:11&amp#27;[0m
  &amp#27;[32mGiven &amp#27;[0m&amp#27;[32mtoday is &amp#27;[0m&amp#27;[32m&amp#27;[1m"Friday"&amp#27;[0m                   &amp#27;[90m# hellocucumber.StepDefinitions.today_is(java.lang.String)&amp#27;[0m
  &amp#27;[32mWhen &amp#27;[0m&amp#27;[32mI ask whether it's Friday yet&amp#27;[0m        &amp#27;[90m# hellocucumber.StepDefinitions.i_ask_whether_it_s_Friday_yet()&amp#27;[0m
  &amp#27;[32mThen &amp#27;[0m&amp#27;[32mI should be told &amp#27;[0m&amp#27;[32m&amp#27;[1m"TGIF"&amp#27;[0m              &amp#27;[90m# hellocucumber.StepDefinitions.i_should_be_told(java.lang.String)&amp#27;[0m
      &amp#27;[31mjava.lang.NullPointerException: Cannot invoke "org.openqa.selenium.WebDriver.quit()" because "this.driver" is null
	at seleniumCucumber.StepDefinitions.closeBrowser(StepDefinitions.java:52)
&amp#27;[0m
]]></system-out>
  </testcase>
  <testcase name="Example #1.2" classname="Examples" time="0.019">
    <error message="Cannot invoke &quot;org.openqa.selenium.WebDriver.quit()&quot; because &quot;this.driver&quot; is null" type="java.lang.NullPointerException"><![CDATA[java.lang.NullPointerException: Cannot invoke "org.openqa.selenium.WebDriver.quit()" because "this.driver" is null
	at seleniumCucumber.StepDefinitions.closeBrowser(StepDefinitions.java:52)
]]></error>
    <system-out><![CDATA[
Scenario Outline: Today is or is not Friday &amp#27;[90m# hellocucumber/is_it_friday_yet_scenario_outline.feature:12&amp#27;[0m
  &amp#27;[32mGiven &amp#27;[0m&amp#27;[32mtoday is &amp#27;[0m&amp#27;[32m&amp#27;[1m"Sunday"&amp#27;[0m                   &amp#27;[90m# hellocucumber.StepDefinitions.today_is(java.lang.String)&amp#27;[0m
  &amp#27;[32mWhen &amp#27;[0m&amp#27;[32mI ask whether it's Friday yet&amp#27;[0m        &amp#27;[90m# hellocucumber.StepDefinitions.i_ask_whether_it_s_Friday_yet()&amp#27;[0m
  &amp#27;[32mThen &amp#27;[0m&amp#27;[32mI should be told &amp#27;[0m&amp#27;[32m&amp#27;[1m"Nope"&amp#27;[0m              &amp#27;[90m# hellocucumber.StepDefinitions.i_should_be_told(java.lang.String)&amp#27;[0m
      &amp#27;[31mjava.lang.NullPointerException: Cannot invoke "org.openqa.selenium.WebDriver.quit()" because "this.driver" is null
	at seleniumCucumber.StepDefinitions.closeBrowser(StepDefinitions.java:52)
&amp#27;[0m
]]></system-out>
  </testcase>
  <testcase name="Example #1.3" classname="Examples" time="0.02">
    <error message="Cannot invoke &quot;org.openqa.selenium.WebDriver.quit()&quot; because &quot;this.driver&quot; is null" type="java.lang.NullPointerException"><![CDATA[java.lang.NullPointerException: Cannot invoke "org.openqa.selenium.WebDriver.quit()" because "this.driver" is null
	at seleniumCucumber.StepDefinitions.closeBrowser(StepDefinitions.java:52)
]]></error>
    <system-out><![CDATA[
Scenario Outline: Today is or is not Friday &amp#27;[90m# hellocucumber/is_it_friday_yet_scenario_outline.feature:13&amp#27;[0m
  &amp#27;[32mGiven &amp#27;[0m&amp#27;[32mtoday is &amp#27;[0m&amp#27;[32m&amp#27;[1m"anything else!"&amp#27;[0m           &amp#27;[90m# hellocucumber.StepDefinitions.today_is(java.lang.String)&amp#27;[0m
  &amp#27;[32mWhen &amp#27;[0m&amp#27;[32mI ask whether it's Friday yet&amp#27;[0m        &amp#27;[90m# hellocucumber.StepDefinitions.i_ask_whether_it_s_Friday_yet()&amp#27;[0m
  &amp#27;[32mThen &amp#27;[0m&amp#27;[32mI should be told &amp#27;[0m&amp#27;[32m&amp#27;[1m"Nope"&amp#27;[0m              &amp#27;[90m# hellocucumber.StepDefinitions.i_should_be_told(java.lang.String)&amp#27;[0m
      &amp#27;[31mjava.lang.NullPointerException: Cannot invoke "org.openqa.selenium.WebDriver.quit()" because "this.driver" is null
	at seleniumCucumber.StepDefinitions.closeBrowser(StepDefinitions.java:52)
&amp#27;[0m
]]></system-out>
  </testcase>
</testsuite>